<?xml version="1.0" encoding="UTF-8"?>
<testsuite xmlns:xsi="http://www.w3.org/2001/XMLSchema-instance" xsi:noNamespaceSchemaLocation="https://maven.apache.org/surefire/maven-surefire-plugin/xsd/surefire-test-report.xsd" name="Y.PlayerTest" time="0.089" tests="5" errors="0" skipped="0" failures="0">
  <properties>
[...]
</properties>
  <testcase name="testFullBucket" classname="Y.PlayerTest" time="0.002"/>
  <testcase name="testUpgradeBucketSize" classname="Y.PlayerTest" time="0.011"/>
  <testcase name="milkTest" classname="Y.PlayerTest" time="0.002"/>
  <testcase name="upgradeMilkingSkill" classname="Y.PlayerTest" time="0.001"/>
  <testcase name="testBuyAnimal" classname="Y.PlayerTest" time="0.003"/>
</testsuite>